# JRE version: Java(TM) SE Runtime Environment (8.0_65-b17) (build 1.8.0_65-b17)
# Java VM: Java HotSpot(TM) 64-Bit Server VM (25.65-b01 mixed mode linux-amd64 compressed oops)
Heap:
 PSYoungGen      total 109568K, used 6138K [0x00000000f5a00000, 0x00000000fcd80000, 0x0000000100000000)
  eden space 103424K, 0% used [0x00000000f5a00000,0x00000000f5a00000,0x00000000fbf00000)
  from space 6144K, 99% used [0x00000000fc180000,0x00000000fc77ebf0,0x00000000fc780000)
  to   space 4096K, 0% used [0x00000000fc980000,0x00000000fc980000,0x00000000fcd80000)
 ParOldGen       total 19456K, used 15238K [0x00000000e0e00000, 0x00000000e2100000, 0x00000000f5a00000)
  object space 19456K, 78% used [0x00000000e0e00000,0x00000000e1ce1b90,0x00000000e2100000)
 Metaspace       used 35093K, capacity 35290K, committed 35496K, reserved 1081344K
  class space    used 4443K, capacity 4499K, committed 4520K, reserved 1048576K
GC Heap History (10 events):
Event: 6,736 GC heap after
Heap after GC invocations=7 (full 0):
 PSYoungGen      total 37888K, used 2771K [0x00000000f5a00000, 0x00000000fa400000, 0x0000000100000000)
  eden space 34816K, 0% used [0x00000000f5a00000,0x00000000f5a00000,0x00000000f7c00000)
  from space 3072K, 90% used [0x00000000f7c00000,0x00000000f7eb4e70,0x00000000f7f00000)
  to   space 3072K, 0% used [0x00000000fa100000,0x00000000fa100000,0x00000000fa400000)
 ParOldGen       total 22016K, used 5610K [0x00000000e0e00000, 0x00000000e2380000, 0x00000000f5a00000)
  object space 22016K, 25% used [0x00000000e0e00000,0x00000000e137a8a0,0x00000000e2380000)
 Metaspace       used 13184K, capacity 13408K, committed 13824K, reserved 1060864K
  class space    used 1597K, capacity 1672K, committed 1792K, reserved 1048576K
}
Event: 7,612 GC heap before
{Heap before GC invocations=8 (full 0):
 PSYoungGen      total 37888K, used 37587K [0x00000000f5a00000, 0x00000000fa400000, 0x0000000100000000)
  eden space 34816K, 100% used [0x00000000f5a00000,0x00000000f7c00000,0x00000000f7c00000)
  from space 3072K, 90% used [0x00000000f7c00000,0x00000000f7eb4e70,0x00000000f7f00000)
  to   space 3072K, 0% used [0x00000000fa100000,0x00000000fa100000,0x00000000fa400000)
 ParOldGen       total 22016K, used 5610K [0x00000000e0e00000, 0x00000000e2380000, 0x00000000f5a00000)
  object space 22016K, 25% used [0x00000000e0e00000,0x00000000e137a8a0,0x00000000e2380000)
 Metaspace       used 18797K, capacity 19046K, committed 19328K, reserved 1067008K
  class space    used 2256K, capacity 2313K, committed 2432K, reserved 1048576K
Event: 7,619 GC heap after
Heap after GC invocations=8 (full 0):
 PSYoungGen      total 71680K, used 3061K [0x00000000f5a00000, 0x00000000fa600000, 0x0000000100000000)
  eden space 68608K, 0% used [0x00000000f5a00000,0x00000000f5a00000,0x00000000f9d00000)
  from space 3072K, 99% used [0x00000000fa100000,0x00000000fa3fd5c0,0x00000000fa400000)
  to   space 4096K, 0% used [0x00000000f9d00000,0x00000000f9d00000,0x00000000fa100000)
 ParOldGen       total 22016K, used 6565K [0x00000000e0e00000, 0x00000000e2380000, 0x00000000f5a00000)
  object space 22016K, 29% used [0x00000000e0e00000,0x00000000e1469400,0x00000000e2380000)
 Metaspace       used 18797K, capacity 19046K, committed 19328K, reserved 1067008K
  class space    used 2256K, capacity 2313K, committed 2432K, reserved 1048576K
}
Event: 8,317 GC heap before
{Heap before GC invocations=9 (full 0):
 PSYoungGen      total 71680K, used 27582K [0x00000000f5a00000, 0x00000000fa600000, 0x0000000100000000)
  eden space 68608K, 35% used [0x00000000f5a00000,0x00000000f71f23b8,0x00000000f9d00000)
  from space 3072K, 99% used [0x00000000fa100000,0x00000000fa3fd5c0,0x00000000fa400000)
  to   space 4096K, 0% used [0x00000000f9d00000,0x00000000f9d00000,0x00000000fa100000)
 ParOldGen       total 22016K, used 6565K [0x00000000e0e00000, 0x00000000e2380000, 0x00000000f5a00000)
  object space 22016K, 29% used [0x00000000e0e00000,0x00000000e1469400,0x00000000e2380000)
 Metaspace       used 20865K, capacity 21062K, committed 21296K, reserved 1069056K
  class space    used 2586K, capacity 2665K, committed 2688K, reserved 1048576K
Event: 8,326 GC heap after
Heap after GC invocations=9 (full 0):
 PSYoungGen      total 72704K, used 3540K [0x00000000f5a00000, 0x00000000fcd80000, 0x0000000100000000)
  eden space 68608K, 0% used [0x00000000f5a00000,0x00000000f5a00000,0x00000000f9d00000)
  from space 4096K, 86% used [0x00000000f9d00000,0x00000000fa0752e0,0x00000000fa100000)
  to   space 4096K, 0% used [0x00000000fc980000,0x00000000fc980000,0x00000000fcd80000)
 ParOldGen       total 22016K, used 6957K [0x00000000e0e00000, 0x00000000e2380000, 0x00000000f5a00000)
  object space 22016K, 31% used [0x00000000e0e00000,0x00000000e14cb400,0x00000000e2380000)
 Metaspace       used 20865K, capacity 21062K, committed 21296K, reserved 1069056K
  class space    used 2586K, capacity 2665K, committed 2688K, reserved 1048576K
}
Event: 8,327 GC heap before
{Heap before GC invocations=10 (full 1):
 PSYoungGen      total 72704K, used 3540K [0x00000000f5a00000, 0x00000000fcd80000, 0x0000000100000000)
  eden space 68608K, 0% used [0x00000000f5a00000,0x00000000f5a00000,0x00000000f9d00000)
  from space 4096K, 86% used [0x00000000f9d00000,0x00000000fa0752e0,0x00000000fa100000)
  to   space 4096K, 0% used [0x00000000fc980000,0x00000000fc980000,0x00000000fcd80000)
 ParOldGen       total 22016K, used 6957K [0x00000000e0e00000, 0x00000000e2380000, 0x00000000f5a00000)
  object space 22016K, 31% used [0x00000000e0e00000,0x00000000e14cb400,0x00000000e2380000)
 Metaspace       used 20865K, capacity 21062K, committed 21296K, reserved 1069056K
  class space    used 2586K, capacity 2665K, committed 2688K, reserved 1048576K
Event: 8,366 GC heap after
Heap after GC invocations=10 (full 1):
 PSYoungGen      total 72704K, used 0K [0x00000000f5a00000, 0x00000000fcd80000, 0x0000000100000000)
  eden space 68608K, 0% used [0x00000000f5a00000,0x00000000f5a00000,0x00000000f9d00000)
  from space 4096K, 0% used [0x00000000f9d00000,0x00000000f9d00000,0x00000000fa100000)
  to   space 4096K, 0% used [0x00000000fc980000,0x00000000fc980000,0x00000000fcd80000)
 ParOldGen       total 19456K, used 7314K [0x00000000e0e00000, 0x00000000e2100000, 0x00000000f5a00000)
  object space 19456K, 37% used [0x00000000e0e00000,0x00000000e1524a40,0x00000000e2100000)
 Metaspace       used 20865K, capacity 21062K, committed 21296K, reserved 1069056K
  class space    used 2586K, capacity 2665K, committed 2688K, reserved 1048576K
}
Event: 10,124 GC heap before
{Heap before GC invocations=11 (full 1):
 PSYoungGen      total 72704K, used 68608K [0x00000000f5a00000, 0x00000000fcd80000, 0x0000000100000000)
  eden space 68608K, 100% used [0x00000000f5a00000,0x00000000f9d00000,0x00000000f9d00000)
  from space 4096K, 0% used [0x00000000f9d00000,0x00000000f9d00000,0x00000000fa100000)
  to   space 4096K, 0% used [0x00000000fc980000,0x00000000fc980000,0x00000000fcd80000)
 ParOldGen       total 19456K, used 7314K [0x00000000e0e00000, 0x00000000e2100000, 0x00000000f5a00000)
  object space 19456K, 37% used [0x00000000e0e00000,0x00000000e1524a40,0x00000000e2100000)
 Metaspace       used 28871K, capacity 29112K, committed 29440K, reserved 1075200K
  class space    used 3663K, capacity 3724K, committed 3840K, reserved 1048576K
Event: 10,147 GC heap after
Heap after GC invocations=11 (full 1):
 PSYoungGen      total 107520K, used 4088K [0x00000000f5a00000, 0x00000000fcd80000, 0x0000000100000000)
  eden space 103424K, 0% used [0x00000000f5a00000,0x00000000f5a00000,0x00000000fbf00000)
  from space 4096K, 99% used [0x00000000fc980000,0x00000000fcd7e240,0x00000000fcd80000)
  to   space 6144K, 0% used [0x00000000fc180000,0x00000000fc180000,0x00000000fc780000)
 ParOldGen       total 19456K, used 11896K [0x00000000e0e00000, 0x00000000e2100000, 0x00000000f5a00000)
  object space 19456K, 61% used [0x00000000e0e00000,0x00000000e199e3a0,0x00000000e2100000)
 Metaspace       used 28871K, capacity 29112K, committed 29440K, reserved 1075200K
  class space    used 3663K, capacity 3724K, committed 3840K, reserved 1048576K
}
Event: 15,208 GC heap before
{Heap before GC invocations=12 (full 1):
 PSYoungGen      total 107520K, used 99070K [0x00000000f5a00000, 0x00000000fcd80000, 0x0000000100000000)
  eden space 103424K, 91% used [0x00000000f5a00000,0x00000000fb6c1658,0x00000000fbf00000)
  from space 4096K, 99% used [0x00000000fc980000,0x00000000fcd7e240,0x00000000fcd80000)
  to   space 6144K, 0% used [0x00000000fc180000,0x00000000fc180000,0x00000000fc780000)
 ParOldGen       total 19456K, used 11896K [0x00000000e0e00000, 0x00000000e2100000, 0x00000000f5a00000)
  object space 19456K, 61% used [0x00000000e0e00000,0x00000000e199e3a0,0x00000000e2100000)
 Metaspace       used 35093K, capacity 35290K, committed 35496K, reserved 1081344K
  class space    used 4443K, capacity 4499K, committed 4520K, reserved 1048576K

